<?xml version="1.0" encoding="UTF-8"?>
<!-- Generated by org.testng.reporters.JUnitReportReporter -->
<testsuite skipped="0" hostname="RB-PC" name="com.learnautomation.testcases.LoginTestCRM" tests="1" failures="0" timestamp="02 May 2021 12:54:57 GMT" time="13.754" errors="0">
  <testcase name="loginApp" time="13.754" classname="com.learnautomation.testcases.LoginTestCRM"/>
</testsuite> <!-- com.learnautomation.testcases.LoginTestCRM -->
